This file contains any messages produced by compilers while
running configure, to aid debugging if configure makes a mistake.

It was created by include_crawler configure 1.0, which was
generated by GNU Autoconf 2.69.  Invocation command line was

  $ ./configure --no-create --no-recursion

## --------- ##
## Platform. ##
## --------- ##

hostname = parsabee-VirtualBox
uname -m = x86_64
uname -r = 4.15.0-43-generic
uname -s = Linux
uname -v = #46-Ubuntu SMP Thu Dec 6 14:45:28 UTC 2018

/usr/bin/uname -p = unknown
/bin/uname -X     = unknown

/bin/arch              = unknown
/usr/bin/arch -k       = unknown
/usr/convex/getsysinfo = unknown
/usr/bin/hostinfo      = unknown
/bin/machine           = unknown
/usr/bin/oslevel       = unknown
/bin/universe          = unknown

PATH: /usr/local/sbin
PATH: /usr/local/bin
PATH: /usr/sbin
PATH: /usr/bin
PATH: /sbin
PATH: /bin
PATH: /usr/games
PATH: /usr/local/games
PATH: /snap/bin


## ----------- ##
## Core tests. ##
## ----------- ##

configure:1906: checking for a BSD-compatible install
configure:1974: result: /usr/bin/install -c
configure:1985: checking whether build environment is sane
configure:2040: result: yes
configure:2191: checking for a thread-safe mkdir -p
configure:2230: result: /bin/mkdir -p
configure:2237: checking for gawk
configure:2267: result: no
configure:2237: checking for mawk
configure:2253: found /usr/bin/mawk
configure:2264: result: mawk
configure:2275: checking whether make sets $(MAKE)
configure:2297: result: yes
configure:2326: checking whether make supports nested variables
configure:2343: result: yes
configure:2477: checking build system type
configure:2491: result: x86_64-pc-linux-gnu
configure:2511: checking host system type
configure:2524: result: x86_64-pc-linux-gnu
configure:2561: checking for style of include used by make
configure:2589: result: GNU
configure:2660: checking for gcc
configure:2676: found /usr/bin/gcc
configure:2687: result: gcc
configure:2916: checking for C compiler version
configure:2925: gcc --version >&5
gcc (Ubuntu 7.3.0-16ubuntu3) 7.3.0
Copyright (C) 2017 Free Software Foundation, Inc.
This is free software; see the source for copying conditions.  There is NO
warranty; not even for MERCHANTABILITY or FITNESS FOR A PARTICULAR PURPOSE.

configure:2936: $? = 0
configure:2925: gcc -v >&5
Using built-in specs.
COLLECT_GCC=gcc
COLLECT_LTO_WRAPPER=/usr/lib/gcc/x86_64-linux-gnu/7/lto-wrapper
OFFLOAD_TARGET_NAMES=nvptx-none
OFFLOAD_TARGET_DEFAULT=1
Target: x86_64-linux-gnu
Configured with: ../src/configure -v --with-pkgversion='Ubuntu 7.3.0-16ubuntu3' --with-bugurl=file:///usr/share/doc/gcc-7/README.Bugs --enable-languages=c,ada,c++,go,brig,d,fortran,objc,obj-c++ --prefix=/usr --with-gcc-major-version-only --with-as=/usr/bin/x86_64-linux-gnu-as --with-ld=/usr/bin/x86_64-linux-gnu-ld --program-suffix=-7 --program-prefix=x86_64-linux-gnu- --enable-shared --enable-linker-build-id --libexecdir=/usr/lib --without-included-gettext --enable-threads=posix --libdir=/usr/lib --enable-nls --with-sysroot=/ --enable-clocale=gnu --enable-libstdcxx-debug --enable-libstdcxx-time=yes --with-default-libstdcxx-abi=new --enable-gnu-unique-object --disable-vtable-verify --enable-libmpx --enable-plugin --enable-default-pie --with-system-zlib --with-target-system-zlib --enable-objc-gc=auto --enable-multiarch --disable-werror --with-arch-32=i686 --with-abi=m64 --with-multilib-list=m32,m64,mx32 --enable-multilib --with-tune=generic --enable-offload-targets=nvptx-none --without-cuda-driver --enable-checking=release --build=x86_64-linux-gnu --host=x86_64-linux-gnu --target=x86_64-linux-gnu
Thread model: posix
gcc version 7.3.0 (Ubuntu 7.3.0-16ubuntu3) 
configure:2936: $? = 0
configure:2925: gcc -V >&5
gcc: error: unrecognized command line option '-V'
gcc: fatal error: no input files
compilation terminated.
configure:2936: $? = 1
configure:2925: gcc -qversion >&5
gcc: error: unrecognized command line option '-qversion'; did you mean '--version'?
gcc: fatal error: no input files
compilation terminated.
configure:2936: $? = 1
configure:2956: checking whether the C compiler works
configure:2978: gcc    conftest.c  >&5
configure:2982: $? = 0
configure:3030: result: yes
configure:3033: checking for C compiler default output file name
configure:3035: result: a.out
configure:3041: checking for suffix of executables
configure:3048: gcc -o conftest    conftest.c  >&5
configure:3052: $? = 0
configure:3074: result: 
configure:3096: checking whether we are cross compiling
configure:3104: gcc -o conftest    conftest.c  >&5
configure:3108: $? = 0
configure:3115: ./conftest
configure:3119: $? = 0
configure:3134: result: no
configure:3139: checking for suffix of object files
configure:3161: gcc -c   conftest.c >&5
configure:3165: $? = 0
configure:3186: result: o
configure:3190: checking whether we are using the GNU C compiler
configure:3209: gcc -c   conftest.c >&5
configure:3209: $? = 0
configure:3218: result: yes
configure:3227: checking whether gcc accepts -g
configure:3247: gcc -c -g  conftest.c >&5
configure:3247: $? = 0
configure:3288: result: yes
configure:3305: checking for gcc option to accept ISO C89
configure:3368: gcc  -c -g -O2  conftest.c >&5
configure:3368: $? = 0
configure:3381: result: none needed
configure:3406: checking whether gcc understands -c and -o together
configure:3428: gcc -c conftest.c -o conftest2.o
configure:3431: $? = 0
configure:3428: gcc -c conftest.c -o conftest2.o
configure:3431: $? = 0
configure:3443: result: yes
configure:3462: checking dependency style of gcc
configure:3573: result: gcc3
configure:3701: checking if compiler needs -Werror to reject unknown flags
configure:3717: gcc -c -g -O2 -Werror -Wunknown-warning-option -Wsizeof-array-argument  conftest.c >&5
gcc: error: unrecognized command line option '-Wunknown-warning-option'
configure:3717: $? = 1
configure: failed program was:
| /* confdefs.h */
| #define PACKAGE_NAME "include_crawler"
| #define PACKAGE_TARNAME "include_crawler"
| #define PACKAGE_VERSION "1.0"
| #define PACKAGE_STRING "include_crawler 1.0"
| #define PACKAGE_BUGREPORT "parsab@uoregon.edu"
| #define PACKAGE_URL ""
| #define PACKAGE "include_crawler"
| #define VERSION "1.0"
| /* end confdefs.h.  */
| int foo(void);
| int
| main ()
| {
| foo()
|   ;
|   return 0;
| }
configure:3722: result: no
configure:3788: checking for the pthreads library -lpthreads
configure:3826: gcc -o conftest -g -O2     conftest.c -lpthreads  >&5
/usr/bin/x86_64-linux-gnu-ld: cannot find -lpthreads
collect2: error: ld returned 1 exit status
configure:3826: $? = 1
configure: failed program was:
| /* confdefs.h */
| #define PACKAGE_NAME "include_crawler"
| #define PACKAGE_TARNAME "include_crawler"
| #define PACKAGE_VERSION "1.0"
| #define PACKAGE_STRING "include_crawler 1.0"
| #define PACKAGE_BUGREPORT "parsab@uoregon.edu"
| #define PACKAGE_URL ""
| #define PACKAGE "include_crawler"
| #define VERSION "1.0"
| /* end confdefs.h.  */
| #include <pthread.h>
|                         static void routine(void *a) { a = 0; }
|                         static void *start_routine(void *a) { return a; }
| int
| main ()
| {
| pthread_t th; pthread_attr_t attr;
|                         pthread_create(&th, 0, start_routine, 0);
|                         pthread_join(th, 0);
|                         pthread_attr_init(&attr);
|                         pthread_cleanup_push(routine, 0);
|                         pthread_cleanup_pop(0) /* ; */
|   ;
|   return 0;
| }
configure:3835: result: no
configure:3733: checking whether pthreads work without any flags
configure:3826: gcc -o conftest -g -O2     conftest.c   >&5
/tmp/ccVODNfH.o: In function `main':
/home/parsabee/Desktop/IncludeCrawler/conftest.c:18: undefined reference to `pthread_create'
/home/parsabee/Desktop/IncludeCrawler/conftest.c:19: undefined reference to `pthread_join'
/home/parsabee/Desktop/IncludeCrawler/conftest.c:21: undefined reference to `__pthread_register_cancel'
/home/parsabee/Desktop/IncludeCrawler/conftest.c:22: undefined reference to `__pthread_unregister_cancel'
collect2: error: ld returned 1 exit status
configure:3826: $? = 1
configure: failed program was:
| /* confdefs.h */
| #define PACKAGE_NAME "include_crawler"
| #define PACKAGE_TARNAME "include_crawler"
| #define PACKAGE_VERSION "1.0"
| #define PACKAGE_STRING "include_crawler 1.0"
| #define PACKAGE_BUGREPORT "parsab@uoregon.edu"
| #define PACKAGE_URL ""
| #define PACKAGE "include_crawler"
| #define VERSION "1.0"
| /* end confdefs.h.  */
| #include <pthread.h>
|                         static void routine(void *a) { a = 0; }
|                         static void *start_routine(void *a) { return a; }
| int
| main ()
| {
| pthread_t th; pthread_attr_t attr;
|                         pthread_create(&th, 0, start_routine, 0);
|                         pthread_join(th, 0);
|                         pthread_attr_init(&attr);
|                         pthread_cleanup_push(routine, 0);
|                         pthread_cleanup_pop(0) /* ; */
|   ;
|   return 0;
| }
configure:3835: result: no
configure:3738: checking whether pthreads work with -Kthread
configure:3826: gcc -o conftest -g -O2 -Kthread    conftest.c   >&5
gcc: error: unrecognized command line option '-Kthread'; did you mean '-pthread'?
configure:3826: $? = 1
configure: failed program was:
| /* confdefs.h */
| #define PACKAGE_NAME "include_crawler"
| #define PACKAGE_TARNAME "include_crawler"
| #define PACKAGE_VERSION "1.0"
| #define PACKAGE_STRING "include_crawler 1.0"
| #define PACKAGE_BUGREPORT "parsab@uoregon.edu"
| #define PACKAGE_URL ""
| #define PACKAGE "include_crawler"
| #define VERSION "1.0"
| /* end confdefs.h.  */
| #include <pthread.h>
|                         static void routine(void *a) { a = 0; }
|                         static void *start_routine(void *a) { return a; }
| int
| main ()
| {
| pthread_t th; pthread_attr_t attr;
|                         pthread_create(&th, 0, start_routine, 0);
|                         pthread_join(th, 0);
|                         pthread_attr_init(&attr);
|                         pthread_cleanup_push(routine, 0);
|                         pthread_cleanup_pop(0) /* ; */
|   ;
|   return 0;
| }
configure:3835: result: no
configure:3738: checking whether pthreads work with -kthread
configure:3826: gcc -o conftest -g -O2 -kthread    conftest.c   >&5
gcc: error: unrecognized command line option '-kthread'; did you mean '-pthread'?
configure:3826: $? = 1
configure: failed program was:
| /* confdefs.h */
| #define PACKAGE_NAME "include_crawler"
| #define PACKAGE_TARNAME "include_crawler"
| #define PACKAGE_VERSION "1.0"
| #define PACKAGE_STRING "include_crawler 1.0"
| #define PACKAGE_BUGREPORT "parsab@uoregon.edu"
| #define PACKAGE_URL ""
| #define PACKAGE "include_crawler"
| #define VERSION "1.0"
| /* end confdefs.h.  */
| #include <pthread.h>
|                         static void routine(void *a) { a = 0; }
|                         static void *start_routine(void *a) { return a; }
| int
| main ()
| {
| pthread_t th; pthread_attr_t attr;
|                         pthread_create(&th, 0, start_routine, 0);
|                         pthread_join(th, 0);
|                         pthread_attr_init(&attr);
|                         pthread_cleanup_push(routine, 0);
|                         pthread_cleanup_pop(0) /* ; */
|   ;
|   return 0;
| }
configure:3835: result: no
configure:3788: checking for the pthreads library -llthread
configure:3826: gcc -o conftest -g -O2     conftest.c -llthread  >&5
/usr/bin/x86_64-linux-gnu-ld: cannot find -llthread
collect2: error: ld returned 1 exit status
configure:3826: $? = 1
configure: failed program was:
| /* confdefs.h */
| #define PACKAGE_NAME "include_crawler"
| #define PACKAGE_TARNAME "include_crawler"
| #define PACKAGE_VERSION "1.0"
| #define PACKAGE_STRING "include_crawler 1.0"
| #define PACKAGE_BUGREPORT "parsab@uoregon.edu"
| #define PACKAGE_URL ""
| #define PACKAGE "include_crawler"
| #define VERSION "1.0"
| /* end confdefs.h.  */
| #include <pthread.h>
|                         static void routine(void *a) { a = 0; }
|                         static void *start_routine(void *a) { return a; }
| int
| main ()
| {
| pthread_t th; pthread_attr_t attr;
|                         pthread_create(&th, 0, start_routine, 0);
|                         pthread_join(th, 0);
|                         pthread_attr_init(&attr);
|                         pthread_cleanup_push(routine, 0);
|                         pthread_cleanup_pop(0) /* ; */
|   ;
|   return 0;
| }
configure:3835: result: no
configure:3738: checking whether pthreads work with -pthread
configure:3826: gcc -o conftest -g -O2 -pthread    conftest.c   >&5
configure:3826: $? = 0
configure:3835: result: yes
configure:3854: checking for joinable pthread attribute
configure:3869: gcc -o conftest -g -O2 -pthread   conftest.c   >&5
configure:3869: $? = 0
configure:3875: result: PTHREAD_CREATE_JOINABLE
configure:3885: checking if more special flags are required for pthreads
configure:3900: result: no
configure:3906: checking for PTHREAD_PRIO_INHERIT
configure:3923: gcc -o conftest -g -O2 -pthread   conftest.c   >&5
configure:3923: $? = 0
configure:3932: result: yes
configure:4034: checking for library containing floor
configure:4065: gcc -o conftest -g -O2 -pthread   conftest.c   >&5
conftest.c:19:6: warning: conflicting types for built-in function 'floor' [-Wbuiltin-declaration-mismatch]
 char floor ();
      ^~~~~
/tmp/ccueAQJ0.o: In function `main':
/home/parsabee/Desktop/IncludeCrawler/conftest.c:23: undefined reference to `floor'
collect2: error: ld returned 1 exit status
configure:4065: $? = 1
configure: failed program was:
| /* confdefs.h */
| #define PACKAGE_NAME "include_crawler"
| #define PACKAGE_TARNAME "include_crawler"
| #define PACKAGE_VERSION "1.0"
| #define PACKAGE_STRING "include_crawler 1.0"
| #define PACKAGE_BUGREPORT "parsab@uoregon.edu"
| #define PACKAGE_URL ""
| #define PACKAGE "include_crawler"
| #define VERSION "1.0"
| #define HAVE_PTHREAD_PRIO_INHERIT 1
| /* end confdefs.h.  */
| 
| /* Override any GCC internal prototype to avoid an error.
|    Use char because int might match the return type of a GCC
|    builtin and then its argument prototype would still apply.  */
| #ifdef __cplusplus
| extern "C"
| #endif
| char floor ();
| int
| main ()
| {
| return floor ();
|   ;
|   return 0;
| }
configure:4065: gcc -o conftest -g -O2 -pthread   conftest.c -lm    >&5
conftest.c:19:6: warning: conflicting types for built-in function 'floor' [-Wbuiltin-declaration-mismatch]
 char floor ();
      ^~~~~
configure:4065: $? = 0
configure:4082: result: -lm
configure:4248: checking that generated files are newer than configure
configure:4254: result: done
configure:4277: creating ./config.status

## ---------------- ##
## Cache variables. ##
## ---------------- ##

ac_cv_build=x86_64-pc-linux-gnu
ac_cv_c_compiler_gnu=yes
ac_cv_env_CC_set=
ac_cv_env_CC_value=
ac_cv_env_CFLAGS_set=
ac_cv_env_CFLAGS_value=
ac_cv_env_CPPFLAGS_set=
ac_cv_env_CPPFLAGS_value=
ac_cv_env_LDFLAGS_set=
ac_cv_env_LDFLAGS_value=
ac_cv_env_LIBS_set=
ac_cv_env_LIBS_value=
ac_cv_env_build_alias_set=
ac_cv_env_build_alias_value=
ac_cv_env_host_alias_set=
ac_cv_env_host_alias_value=
ac_cv_env_target_alias_set=
ac_cv_env_target_alias_value=
ac_cv_host=x86_64-pc-linux-gnu
ac_cv_objext=o
ac_cv_path_install='/usr/bin/install -c'
ac_cv_path_mkdir=/bin/mkdir
ac_cv_prog_AWK=mawk
ac_cv_prog_ac_ct_CC=gcc
ac_cv_prog_cc_c89=
ac_cv_prog_cc_g=yes
ac_cv_prog_make_make_set=yes
ac_cv_search_floor=-lm
am_cv_CC_dependencies_compiler_type=gcc3
am_cv_make_support_nested_variables=yes
am_cv_prog_cc_c_o=yes
ax_cv_PTHREAD_PRIO_INHERIT=yes

## ----------------- ##
## Output variables. ##
## ----------------- ##

ACLOCAL='${SHELL} /home/parsabee/Desktop/IncludeCrawler/missing aclocal-1.15'
AMDEPBACKSLASH='\'
AMDEP_FALSE='#'
AMDEP_TRUE=''
AMTAR='$${TAR-tar}'
AM_BACKSLASH='\'
AM_DEFAULT_V='$(AM_DEFAULT_VERBOSITY)'
AM_DEFAULT_VERBOSITY='1'
AM_V='$(V)'
AUTOCONF='${SHELL} /home/parsabee/Desktop/IncludeCrawler/missing autoconf'
AUTOHEADER='${SHELL} /home/parsabee/Desktop/IncludeCrawler/missing autoheader'
AUTOMAKE='${SHELL} /home/parsabee/Desktop/IncludeCrawler/missing automake-1.15'
AWK='mawk'
CC='gcc'
CCDEPMODE='depmode=gcc3'
CFLAGS='-g -O2 -pthread'
CPPFLAGS=''
CYGPATH_W='echo'
DEFS='-DHAVE_CONFIG_H'
DEPDIR='.deps'
ECHO_C=''
ECHO_N='-n'
ECHO_T=''
EXEEXT=''
INSTALL_DATA='${INSTALL} -m 644'
INSTALL_PROGRAM='${INSTALL}'
INSTALL_SCRIPT='${INSTALL}'
INSTALL_STRIP_PROGRAM='$(install_sh) -c -s'
LDFLAGS=''
LIBOBJS=''
LIBS='-lm  '
LTLIBOBJS=''
MAKEINFO='${SHELL} /home/parsabee/Desktop/IncludeCrawler/missing makeinfo'
MKDIR_P='/bin/mkdir -p'
OBJEXT='o'
PACKAGE='include_crawler'
PACKAGE_BUGREPORT='parsab@uoregon.edu'
PACKAGE_NAME='include_crawler'
PACKAGE_STRING='include_crawler 1.0'
PACKAGE_TARNAME='include_crawler'
PACKAGE_URL=''
PACKAGE_VERSION='1.0'
PATH_SEPARATOR=':'
PTHREAD_CC='gcc'
PTHREAD_CFLAGS='-pthread'
PTHREAD_LIBS=''
SET_MAKE=''
SHELL='/bin/bash'
STRIP=''
VERSION='1.0'
ac_ct_CC='gcc'
am__EXEEXT_FALSE=''
am__EXEEXT_TRUE='#'
am__fastdepCC_FALSE='#'
am__fastdepCC_TRUE=''
am__include='include'
am__isrc=''
am__leading_dot='.'
am__nodep='_no'
am__quote=''
am__tar='$${TAR-tar} chof - "$$tardir"'
am__untar='$${TAR-tar} xf -'
ax_pthread_config=''
bindir='${exec_prefix}/bin'
build='x86_64-pc-linux-gnu'
build_alias=''
build_cpu='x86_64'
build_os='linux-gnu'
build_vendor='pc'
datadir='${datarootdir}'
datarootdir='${prefix}/share'
docdir='${datarootdir}/doc/${PACKAGE_TARNAME}'
dvidir='${docdir}'
exec_prefix='${prefix}'
host='x86_64-pc-linux-gnu'
host_alias=''
host_cpu='x86_64'
host_os='linux-gnu'
host_vendor='pc'
htmldir='${docdir}'
includedir='${prefix}/include'
infodir='${datarootdir}/info'
install_sh='${SHELL} /home/parsabee/Desktop/IncludeCrawler/install-sh'
libdir='${exec_prefix}/lib'
libexecdir='${exec_prefix}/libexec'
localedir='${datarootdir}/locale'
localstatedir='${prefix}/var'
mandir='${datarootdir}/man'
mkdir_p='$(MKDIR_P)'
oldincludedir='/usr/include'
pdfdir='${docdir}'
prefix='/usr/local'
program_transform_name='s,x,x,'
psdir='${docdir}'
runstatedir='${localstatedir}/run'
sbindir='${exec_prefix}/sbin'
sharedstatedir='${prefix}/com'
sysconfdir='${prefix}/etc'
target_alias=''

## ----------- ##
## confdefs.h. ##
## ----------- ##

/* confdefs.h */
#define PACKAGE_NAME "include_crawler"
#define PACKAGE_TARNAME "include_crawler"
#define PACKAGE_VERSION "1.0"
#define PACKAGE_STRING "include_crawler 1.0"
#define PACKAGE_BUGREPORT "parsab@uoregon.edu"
#define PACKAGE_URL ""
#define PACKAGE "include_crawler"
#define VERSION "1.0"
#define HAVE_PTHREAD_PRIO_INHERIT 1

configure: exit 0

## ---------------------- ##
## Running config.status. ##
## ---------------------- ##

This file was extended by include_crawler config.status 1.0, which was
generated by GNU Autoconf 2.69.  Invocation command line was

  CONFIG_FILES    = 
  CONFIG_HEADERS  = 
  CONFIG_LINKS    = 
  CONFIG_COMMANDS = 
  $ ./config.status 

on parsabee-VirtualBox

config.status:854: creating Makefile
config.status:854: creating src/Makefile
config.status:854: creating config.h
config.status:1035: config.h is unchanged
config.status:1083: executing depfiles commands
